<?xml version="1.0" encoding="UTF-8"?>
<testsuite name="com.hiri.crediya.ArchitectureTest" tests="6" skipped="0" failures="0" errors="0" timestamp="2025-08-28T00:35:51.708Z" hostname="MacBook-Pro-de-Nico.local" time="0.116">
  <properties/>
  <testcase name="domainClassesShouldNotBeNamedWithToolNames()" classname="com.hiri.crediya.ArchitectureTest" time="0.023"/>
  <testcase name="domainClassesShouldNotHaveFieldsNamedWithToolNames()" classname="com.hiri.crediya.ArchitectureTest" time="0.007"/>
  <testcase name="useCaseFinalFields()" classname="com.hiri.crediya.ArchitectureTest" time="0.002"/>
  <testcase name="beansShouldOnlyHaveFinalFields()" classname="com.hiri.crediya.ArchitectureTest" time="0.006"/>
  <testcase name="reactiveFlowsShouldUseAwsAsyncClients()" classname="com.hiri.crediya.ArchitectureTest" time="0.017"/>
  <testcase name="domainClassesShouldNotBeNamedWithTechSuffixes()" classname="com.hiri.crediya.ArchitectureTest" time="0.001"/>
  <system-out><![CDATA[19:35:50.219 [Test worker] INFO com.tngtech.archunit.core.PluginLoader -- Detected Java version 21.0.8
]]></system-out>
  <system-err><![CDATA[]]></system-err>
</testsuite>
