<?xml version="1.0" encoding="UTF-8"?>
<testsuite name="com.hiri.crediya.r2dbc.helper.ReactiveAdapterOperationsTest" tests="5" skipped="0" failures="0" errors="0" timestamp="2025-08-24T07:59:23.533Z" hostname="MacBook-Pro-de-Nico.local" time="0.178">
  <properties/>
  <testcase name="findAll()" classname="com.hiri.crediya.r2dbc.helper.ReactiveAdapterOperationsTest" time="0.161"/>
  <testcase name="findById()" classname="com.hiri.crediya.r2dbc.helper.ReactiveAdapterOperationsTest" time="0.004"/>
  <testcase name="saveAllEntities()" classname="com.hiri.crediya.r2dbc.helper.ReactiveAdapterOperationsTest" time="0.004"/>
  <testcase name="findByExample()" classname="com.hiri.crediya.r2dbc.helper.ReactiveAdapterOperationsTest" time="0.006"/>
  <testcase name="save()" classname="com.hiri.crediya.r2dbc.helper.ReactiveAdapterOperationsTest" time="0.001"/>
  <system-out><![CDATA[]]></system-out>
  <system-err><![CDATA[]]></system-err>
</testsuite>
