<?xml version="1.0" encoding="UTF-8"?>
<testsuite name="com.hiri.crediya.r2dbc.config.PostgreSQLConnectionPoolTest" tests="1" skipped="0" failures="0" errors="0" timestamp="2025-08-24T07:59:22.652Z" hostname="MacBook-Pro-de-Nico.local" time="0.876">
  <properties/>
  <testcase name="getConnectionConfigSuccess()" classname="com.hiri.crediya.r2dbc.config.PostgreSQLConnectionPoolTest" time="0.876"/>
  <system-out><![CDATA[]]></system-out>
  <system-err><![CDATA[]]></system-err>
</testsuite>
